{"numTotalTestSuites":18,"numPassedTestSuites":18,"numFailedTestSuites":0,"numPendingTestSuites":0,"numTotalTests":52,"numPassedTests":52,"numFailedTests":0,"numPendingTests":0,"numTodoTests":0,"snapshot":{"added":0,"failure":false,"filesAdded":0,"filesRemoved":0,"filesRemovedList":[],"filesUnmatched":0,"filesUpdated":0,"matched":0,"total":0,"unchecked":0,"uncheckedKeysByFile":[],"unmatched":0,"updated":0,"didUpdate":false},"startTime":1774728792332,"success":true,"testResults":[{"assertionResults":[{"ancestorTitles":["designBumpout","Basic calculation flow"],"fullName":"designBumpout Basic calculation flow should return valid result structure","status":"passed","title":"should return valid result structure","duration":3.835099999999784,"failureMessages":[],"meta":{},"tags":[]},{"ancestorTitles":["designBumpout","Basic calculation flow"],"fullName":"designBumpout Basic calculation flow should return input values in result","status":"passed","title":"should return input values in result","duration":1.345600000000104,"failureMessages":[],"meta":{},"tags":[]},{"ancestorTitles":["designBumpout","Basic calculation flow"],"fullName":"designBumpout Basic calculation flow should generate checks array with pass/fail results","status":"passed","title":"should generate checks array with pass/fail results","duration":1.900499999999738,"failureMessages":[],"meta":{},"tags":[]},{"ancestorTitles":["designBumpout","Box beam calculations"],"fullName":"designBumpout Box beam calculations should calculate box beam load correctly","status":"passed","title":"should calculate box beam load correctly","duration":0.4598000000000866,"failureMessages":[],"meta":{},"tags":[]},{"ancestorTitles":["designBumpout","Box beam calculations"],"fullName":"designBumpout Box beam calculations should calculate box beam moment correctly","status":"passed","title":"should calculate box beam moment correctly","duration":0.2375000000001819,"failureMessages":[],"meta":{},"tags":[]},{"ancestorTitles":["designBumpout","Box beam calculations"],"fullName":"designBumpout Box beam calculations should calculate box beam shear correctly","status":"passed","title":"should calculate box beam shear correctly","duration":0.21969999999964784,"failureMessages":[],"meta":{},"tags":[]},{"ancestorTitles":["designBumpout","Box beam calculations"],"fullName":"designBumpout Box beam calculations should select single box beam for light loads","status":"passed","title":"should select single box beam for light loads","duration":0.19900000000006912,"failureMessages":[],"meta":{},"tags":[]},{"ancestorTitles":["designBumpout","Box beam calculations"],"fullName":"designBumpout Box beam calculations should select double box beam for heavier loads","status":"passed","title":"should select double box beam for heavier loads","duration":1.3449999999998,"failureMessages":[],"meta":{},"tags":[]},{"ancestorTitles":["designBumpout","Box beam calculations"],"fullName":"designBumpout Box beam calculations should mark exceeds when box beam capacities are exceeded","status":"passed","title":"should mark exceeds when box beam capacities are exceeded","duration":0.26729999999997744,"failureMessages":[],"meta":{},"tags":[]},{"ancestorTitles":["designBumpout","Ledger calculations"],"fullName":"designBumpout Ledger calculations should calculate ledger load correctly","status":"passed","title":"should calculate ledger load correctly","duration":0.2595000000001164,"failureMessages":[],"meta":{},"tags":[]},{"ancestorTitles":["designBumpout","Ledger calculations"],"fullName":"designBumpout Ledger calculations should calculate ledger moment correctly","status":"passed","title":"should calculate ledger moment correctly","duration":0.20820000000003347,"failureMessages":[],"meta":{},"tags":[]},{"ancestorTitles":["designBumpout","Ledger calculations"],"fullName":"designBumpout Ledger calculations should calculate ledger shear correctly","status":"passed","title":"should calculate ledger shear correctly","duration":0.2055000000000291,"failureMessages":[],"meta":{},"tags":[]},{"ancestorTitles":["designBumpout","Ledger calculations"],"fullName":"designBumpout Ledger calculations should set P_hbeam equal to V_ledger","status":"passed","title":"should set P_hbeam equal to V_ledger","duration":0.19160000000010768,"failureMessages":[],"meta":{},"tags":[]},{"ancestorTitles":["designBumpout","Ledger calculations"],"fullName":"designBumpout Ledger calculations should select single box beam for light ledger loads","status":"passed","title":"should select single box beam for light ledger loads","duration":0.17949999999973443,"failureMessages":[],"meta":{},"tags":[]},{"ancestorTitles":["designBumpout","Ledger calculations"],"fullName":"designBumpout Ledger calculations should mark fails when ledger capacities are exceeded","status":"passed","title":"should mark fails when ledger capacities are exceeded","duration":0.29510000000027503,"failureMessages":[],"meta":{},"tags":[]},{"ancestorTitles":["designBumpout","H-beam calculations"],"fullName":"designBumpout H-beam calculations should calculate H-beam moment correctly","status":"passed","title":"should calculate H-beam moment correctly","duration":0.32389999999986685,"failureMessages":[],"meta":{},"tags":[]},{"ancestorTitles":["designBumpout","H-beam calculations"],"fullName":"designBumpout H-beam calculations should calculate H-beam shear reactions correctly","status":"passed","title":"should calculate H-beam shear reactions correctly","duration":0.2159999999998945,"failureMessages":[],"meta":{},"tags":[]},{"ancestorTitles":["designBumpout","H-beam calculations"],"fullName":"designBumpout H-beam calculations should select single 2in for light H-beam loads","status":"passed","title":"should select single 2in for light H-beam loads","duration":0.31009999999969295,"failureMessages":[],"meta":{},"tags":[]},{"ancestorTitles":["designBumpout","H-beam calculations"],"fullName":"designBumpout H-beam calculations should progress through member ladder for increasing loads","status":"passed","title":"should progress through member ladder for increasing loads","duration":0.35609999999996944,"failureMessages":[],"meta":{},"tags":[]},{"ancestorTitles":["designBumpout","H-beam calculations"],"fullName":"designBumpout H-beam calculations should mark fails when H-beam capacities are exceeded","status":"passed","title":"should mark fails when H-beam capacities are exceeded","duration":0.21849999999994907,"failureMessages":[],"meta":{},"tags":[]},{"ancestorTitles":["designBumpout","Optional connection shear check"],"fullName":"designBumpout Optional connection shear check should include connection check when Va_connection is provided","status":"passed","title":"should include connection check when Va_connection is provided","duration":0.3757999999997992,"failureMessages":[],"meta":{},"tags":[]},{"ancestorTitles":["designBumpout","Optional connection shear check"],"fullName":"designBumpout Optional connection shear check should pass connection check when demand is below capacity","status":"passed","title":"should pass connection check when demand is below capacity","duration":0.2286999999996624,"failureMessages":[],"meta":{},"tags":[]},{"ancestorTitles":["designBumpout","Optional connection shear check"],"fullName":"designBumpout Optional connection shear check should fail connection check when demand exceeds capacity","status":"passed","title":"should fail connection check when demand exceeds capacity","duration":0.23760000000038417,"failureMessages":[],"meta":{},"tags":[]},{"ancestorTitles":["designBumpout","Optional connection shear check"],"fullName":"designBumpout Optional connection shear check should not include connection check when Va_connection is undefined","status":"passed","title":"should not include connection check when Va_connection is undefined","duration":0.25250000000005457,"failureMessages":[],"meta":{},"tags":[]},{"ancestorTitles":["designBumpout","DCR (Demand-to-Capacity Ratio) calculations"],"fullName":"designBumpout DCR (Demand-to-Capacity Ratio) calculations should calculate DCR correctly for all checks","status":"passed","title":"should calculate DCR correctly for all checks","duration":0.41210000000000946,"failureMessages":[],"meta":{},"tags":[]},{"ancestorTitles":["designBumpout","DCR (Demand-to-Capacity Ratio) calculations"],"fullName":"designBumpout DCR (Demand-to-Capacity Ratio) calculations should mark pass=true when DCR <= 1.0","status":"passed","title":"should mark pass=true when DCR <= 1.0","duration":0.43600000000014916,"failureMessages":[],"meta":{},"tags":[]},{"ancestorTitles":["designBumpout","DCR (Demand-to-Capacity Ratio) calculations"],"fullName":"designBumpout DCR (Demand-to-Capacity Ratio) calculations should mark pass=false when DCR > 1.0","status":"passed","title":"should mark pass=false when DCR > 1.0","duration":0.5830999999998312,"failureMessages":[],"meta":{},"tags":[]},{"ancestorTitles":["designBumpout","Validation integration"],"fullName":"designBumpout Validation integration should return errors for invalid geometry","status":"passed","title":"should return errors for invalid geometry","duration":0.2298000000000684,"failureMessages":[],"meta":{},"tags":[]},{"ancestorTitles":["designBumpout","Validation integration"],"fullName":"designBumpout Validation integration should return warnings for low loads","status":"passed","title":"should return warnings for low loads","duration":0.17839999999978318,"failureMessages":[],"meta":{},"tags":[]},{"ancestorTitles":["designBumpout","Validation integration"],"fullName":"designBumpout Validation integration should return early with empty results when errors exist","status":"passed","title":"should return early with empty results when errors exist","duration":0.5970999999999549,"failureMessages":[],"meta":{},"tags":[]},{"ancestorTitles":["designBumpout","Edge cases"],"fullName":"designBumpout Edge cases should handle minimum valid inputs","status":"passed","title":"should handle minimum valid inputs","duration":0.3283999999998741,"failureMessages":[],"meta":{},"tags":[]},{"ancestorTitles":["designBumpout","Edge cases"],"fullName":"designBumpout Edge cases should handle maximum valid inputs","status":"passed","title":"should handle maximum valid inputs","duration":0.25720000000001164,"failureMessages":[],"meta":{},"tags":[]},{"ancestorTitles":["designBumpout","Edge cases"],"fullName":"designBumpout Edge cases should handle equal post spacing and width","status":"passed","title":"should handle equal post spacing and width","duration":0.29670000000032815,"failureMessages":[],"meta":{},"tags":[]}],"startTime":1774728794823,"endTime":1774728794841.2966,"status":"passed","message":"","name":"C:/Users/jborr/OneDrive/Desktop/My stuff/Career/RunToSolve/newcastle-hbeam-designer/src/lib/__tests__/calculations.test.ts"},{"assertionResults":[{"ancestorTitles":["validateInputs","Valid inputs"],"fullName":"validateInputs Valid inputs should return no errors or warnings for valid inputs","status":"passed","title":"should return no errors or warnings for valid inputs","duration":4.159400000000005,"failureMessages":[],"meta":{},"tags":[]},{"ancestorTitles":["validateInputs","Valid inputs"],"fullName":"validateInputs Valid inputs should return no errors for maximum valid dimensions","status":"passed","title":"should return no errors for maximum valid dimensions","duration":0.2921999999998661,"failureMessages":[],"meta":{},"tags":[]},{"ancestorTitles":["validateInputs","Valid inputs"],"fullName":"validateInputs Valid inputs should return no errors for minimum valid dimensions","status":"passed","title":"should return no errors for minimum valid dimensions","duration":0.2517000000002554,"failureMessages":[],"meta":{},"tags":[]},{"ancestorTitles":["validateInputs","Hard limit errors"],"fullName":"validateInputs Hard limit errors should error when L_ft exceeds 23 ft","status":"passed","title":"should error when L_ft exceeds 23 ft","duration":0.6572999999998501,"failureMessages":[],"meta":{},"tags":[]},{"ancestorTitles":["validateInputs","Hard limit errors"],"fullName":"validateInputs Hard limit errors should error when a_ft exceeds 6 ft","status":"passed","title":"should error when a_ft exceeds 6 ft","duration":0.2667999999998756,"failureMessages":[],"meta":{},"tags":[]},{"ancestorTitles":["validateInputs","Hard limit errors"],"fullName":"validateInputs Hard limit errors should error when b_ft exceeds 6 ft","status":"passed","title":"should error when b_ft exceeds 6 ft","duration":0.23640000000023065,"failureMessages":[],"meta":{},"tags":[]},{"ancestorTitles":["validateInputs","Hard limit errors"],"fullName":"validateInputs Hard limit errors should error when W_ft exceeds 13 ft","status":"passed","title":"should error when W_ft exceeds 13 ft","duration":0.255399999999554,"failureMessages":[],"meta":{},"tags":[]},{"ancestorTitles":["validateInputs","Hard limit errors"],"fullName":"validateInputs Hard limit errors should error when S_ft exceeds 13 ft","status":"passed","title":"should error when S_ft exceeds 13 ft","duration":0.23720000000002983,"failureMessages":[],"meta":{},"tags":[]},{"ancestorTitles":["validateInputs","Hard limit errors"],"fullName":"validateInputs Hard limit errors should error when S_ft exceeds W_ft","status":"passed","title":"should error when S_ft exceeds W_ft","duration":0.3872000000001208,"failureMessages":[],"meta":{},"tags":[]},{"ancestorTitles":["validateInputs","Backspan rule"],"fullName":"validateInputs Backspan rule should error when backspan j < b_ft","status":"passed","title":"should error when backspan j < b_ft","duration":0.35609999999996944,"failureMessages":[],"meta":{},"tags":[]},{"ancestorTitles":["validateInputs","Backspan rule"],"fullName":"validateInputs Backspan rule should pass when backspan j = b_ft (edge case)","status":"passed","title":"should pass when backspan j = b_ft (edge case)","duration":0.2114000000001397,"failureMessages":[],"meta":{},"tags":[]},{"ancestorTitles":["validateInputs","Backspan rule"],"fullName":"validateInputs Backspan rule should pass when backspan j > b_ft","status":"passed","title":"should pass when backspan j > b_ft","duration":0.18190000000004147,"failureMessages":[],"meta":{},"tags":[]},{"ancestorTitles":["validateInputs","Warnings"],"fullName":"validateInputs Warnings should warn when p_psf is below 50 PSF","status":"passed","title":"should warn when p_psf is below 50 PSF","duration":0.37580000000025393,"failureMessages":[],"meta":{},"tags":[]},{"ancestorTitles":["validateInputs","Warnings"],"fullName":"validateInputs Warnings should not warn when p_psf is exactly 50 PSF","status":"passed","title":"should not warn when p_psf is exactly 50 PSF","duration":0.3946000000000822,"failureMessages":[],"meta":{},"tags":[]},{"ancestorTitles":["validateInputs","Warnings"],"fullName":"validateInputs Warnings should warn when Va_connection is undefined","status":"passed","title":"should warn when Va_connection is undefined","duration":0.2842000000000553,"failureMessages":[],"meta":{},"tags":[]},{"ancestorTitles":["validateInputs","Warnings"],"fullName":"validateInputs Warnings should not warn when Va_connection is provided","status":"passed","title":"should not warn when Va_connection is provided","duration":0.18249999999989086,"failureMessages":[],"meta":{},"tags":[]},{"ancestorTitles":["validateInputs","Multiple errors and warnings"],"fullName":"validateInputs Multiple errors and warnings should accumulate multiple errors","status":"passed","title":"should accumulate multiple errors","duration":0.2264999999997599,"failureMessages":[],"meta":{},"tags":[]},{"ancestorTitles":["validateInputs","Multiple errors and warnings"],"fullName":"validateInputs Multiple errors and warnings should have both errors and warnings","status":"passed","title":"should have both errors and warnings","duration":0.19259999999985666,"failureMessages":[],"meta":{},"tags":[]},{"ancestorTitles":["validateInputs","Return type"],"fullName":"validateInputs Return type should always return an object with errors and warnings arrays","status":"passed","title":"should always return an object with errors and warnings arrays","duration":0.605199999999968,"failureMessages":[],"meta":{},"tags":[]}],"startTime":1774728794813,"endTime":1774728794823.6052,"status":"passed","message":"","name":"C:/Users/jborr/OneDrive/Desktop/My stuff/Career/RunToSolve/newcastle-hbeam-designer/src/lib/__tests__/validation.test.ts"}],"coverageMap":{"C:\\Users\\jborr\\OneDrive\\Desktop\\My stuff\\Career\\RunToSolve\\newcastle-hbeam-designer\\src\\lib\\constants.ts":{"path":"C:\\Users\\jborr\\OneDrive\\Desktop\\My stuff\\Career\\RunToSolve\\newcastle-hbeam-designer\\src\\lib\\constants.ts","statementMap":{"0":{"start":{"line":2,"column":31},"end":{"line":8,"column":null}},"1":{"start":{"line":10,"column":31},"end":{"line":16,"column":null}},"2":{"start":{"line":18,"column":22},"end":{"line":18,"column":null}},"3":{"start":{"line":19,"column":22},"end":{"line":19,"column":null}},"4":{"start":{"line":20,"column":25},"end":{"line":20,"column":null}},"5":{"start":{"line":21,"column":32},"end":{"line":21,"column":null}}},"fnMap":{},"branchMap":{},"s":{"0":1,"1":1,"2":1,"3":1,"4":1,"5":1},"f":{},"b":{},"meta":{"lastBranch":0,"lastFunction":0,"lastStatement":6,"seen":{"s:2:31:8:Infinity":0,"s:10:31:16:Infinity":1,"s:18:22:18:Infinity":2,"s:19:22:19:Infinity":3,"s:20:25:20:Infinity":4,"s:21:32:21:Infinity":5}}},"C:\\Users\\jborr\\OneDrive\\Desktop\\My stuff\\Career\\RunToSolve\\newcastle-hbeam-designer\\src\\lib\\calculations.ts":{"path":"C:\\Users\\jborr\\OneDrive\\Desktop\\My stuff\\Career\\RunToSolve\\newcastle-hbeam-designer\\src\\lib\\calculations.ts","statementMap":{"0":{"start":{"line":23,"column":12},"end":{"line":23,"column":null}},"1":{"start":{"line":24,"column":12},"end":{"line":24,"column":null}},"2":{"start":{"line":25,"column":2},"end":{"line":25,"column":null}},"3":{"start":{"line":39,"column":21},"end":{"line":39,"column":null}},"4":{"start":{"line":42,"column":19},"end":{"line":42,"column":null}},"5":{"start":{"line":43,"column":21},"end":{"line":43,"column":66}},"6":{"start":{"line":44,"column":22},"end":{"line":44,"column":null}},"7":{"start":{"line":45,"column":22},"end":{"line":45,"column":null}},"8":{"start":{"line":46,"column":22},"end":{"line":46,"column":null}},"9":{"start":{"line":48,"column":2},"end":{"line":54,"column":null}},"10":{"start":{"line":55,"column":2},"end":{"line":61,"column":null}},"11":{"start":{"line":62,"column":2},"end":{"line":68,"column":null}},"12":{"start":{"line":70,"column":2},"end":{"line":70,"column":null}},"13":{"start":{"line":70,"column":49},"end":{"line":70,"column":null}},"14":{"start":{"line":73,"column":19},"end":{"line":73,"column":null}},"15":{"start":{"line":74,"column":21},"end":{"line":74,"column":66}},"16":{"start":{"line":75,"column":22},"end":{"line":75,"column":null}},"17":{"start":{"line":76,"column":22},"end":{"line":76,"column":null}},"18":{"start":{"line":77,"column":22},"end":{"line":77,"column":null}},"19":{"start":{"line":79,"column":2},"end":{"line":85,"column":null}},"20":{"start":{"line":86,"column":2},"end":{"line":92,"column":null}},"21":{"start":{"line":93,"column":2},"end":{"line":99,"column":null}},"22":{"start":{"line":101,"column":2},"end":{"line":101,"column":null}},"23":{"start":{"line":101,"column":49},"end":{"line":101,"column":null}},"24":{"start":{"line":103,"column":2},"end":{"line":103,"column":null}},"25":{"start":{"line":116,"column":21},"end":{"line":116,"column":null}},"26":{"start":{"line":119,"column":19},"end":{"line":119,"column":null}},"27":{"start":{"line":120,"column":21},"end":{"line":120,"column":66}},"28":{"start":{"line":121,"column":17},"end":{"line":121,"column":null}},"29":{"start":{"line":122,"column":17},"end":{"line":122,"column":null}},"30":{"start":{"line":123,"column":17},"end":{"line":123,"column":null}},"31":{"start":{"line":125,"column":2},"end":{"line":131,"column":null}},"32":{"start":{"line":132,"column":2},"end":{"line":138,"column":null}},"33":{"start":{"line":139,"column":2},"end":{"line":145,"column":null}},"34":{"start":{"line":147,"column":2},"end":{"line":147,"column":null}},"35":{"start":{"line":147,"column":34},"end":{"line":147,"column":null}},"36":{"start":{"line":150,"column":19},"end":{"line":150,"column":null}},"37":{"start":{"line":151,"column":21},"end":{"line":151,"column":66}},"38":{"start":{"line":152,"column":17},"end":{"line":152,"column":null}},"39":{"start":{"line":153,"column":17},"end":{"line":153,"column":null}},"40":{"start":{"line":154,"column":17},"end":{"line":154,"column":null}},"41":{"start":{"line":156,"column":2},"end":{"line":162,"column":null}},"42":{"start":{"line":163,"column":2},"end":{"line":169,"column":null}},"43":{"start":{"line":170,"column":2},"end":{"line":176,"column":null}},"44":{"start":{"line":178,"column":2},"end":{"line":178,"column":null}},"45":{"start":{"line":178,"column":34},"end":{"line":178,"column":null}},"46":{"start":{"line":180,"column":2},"end":{"line":180,"column":null}},"47":{"start":{"line":193,"column":18},"end":{"line":193,"column":null}},"48":{"start":{"line":194,"column":18},"end":{"line":194,"column":null}},"49":{"start":{"line":196,"column":2},"end":{"line":202,"column":null}},"50":{"start":{"line":203,"column":2},"end":{"line":209,"column":null}},"51":{"start":{"line":211,"column":2},"end":{"line":211,"column":null}},"52":{"start":{"line":211,"column":26},"end":{"line":211,"column":null}},"53":{"start":{"line":214,"column":17},"end":{"line":214,"column":null}},"54":{"start":{"line":215,"column":17},"end":{"line":215,"column":null}},"55":{"start":{"line":217,"column":2},"end":{"line":223,"column":null}},"56":{"start":{"line":224,"column":2},"end":{"line":230,"column":null}},"57":{"start":{"line":232,"column":2},"end":{"line":232,"column":null}},"58":{"start":{"line":232,"column":24},"end":{"line":232,"column":null}},"59":{"start":{"line":235,"column":17},"end":{"line":235,"column":null}},"60":{"start":{"line":236,"column":17},"end":{"line":236,"column":null}},"61":{"start":{"line":238,"column":2},"end":{"line":244,"column":null}},"62":{"start":{"line":245,"column":2},"end":{"line":251,"column":null}},"63":{"start":{"line":253,"column":2},"end":{"line":253,"column":null}},"64":{"start":{"line":253,"column":24},"end":{"line":253,"column":null}},"65":{"start":{"line":255,"column":2},"end":{"line":255,"column":null}},"66":{"start":{"line":259,"column":65},"end":{"line":259,"column":null}},"67":{"start":{"line":261,"column":18},"end":{"line":261,"column":53}},"68":{"start":{"line":264,"column":2},"end":{"line":283,"column":null}},"69":{"start":{"line":265,"column":4},"end":{"line":283,"column":null}},"70":{"start":{"line":286,"column":32},"end":{"line":286,"column":34}},"71":{"start":{"line":289,"column":12},"end":{"line":289,"column":null}},"72":{"start":{"line":296,"column":27},"end":{"line":296,"column":null}},"73":{"start":{"line":297,"column":21},"end":{"line":297,"column":null}},"74":{"start":{"line":299,"column":17},"end":{"line":299,"column":null}},"75":{"start":{"line":300,"column":17},"end":{"line":300,"column":null}},"76":{"start":{"line":302,"column":29},"end":{"line":302,"column":82}},"77":{"start":{"line":308,"column":25},"end":{"line":308,"column":null}},"78":{"start":{"line":309,"column":19},"end":{"line":309,"column":null}},"79":{"start":{"line":311,"column":20},"end":{"line":311,"column":null}},"80":{"start":{"line":312,"column":20},"end":{"line":312,"column":null}},"81":{"start":{"line":313,"column":18},"end":{"line":313,"column":null}},"82":{"start":{"line":315,"column":24},"end":{"line":315,"column":80}},"83":{"start":{"line":323,"column":17},"end":{"line":323,"column":null}},"84":{"start":{"line":326,"column":18},"end":{"line":326,"column":null}},"85":{"start":{"line":327,"column":18},"end":{"line":327,"column":null}},"86":{"start":{"line":328,"column":16},"end":{"line":328,"column":null}},"87":{"start":{"line":337,"column":20},"end":{"line":337,"column":null}},"88":{"start":{"line":338,"column":20},"end":{"line":338,"column":null}},"89":{"start":{"line":339,"column":18},"end":{"line":339,"column":null}},"90":{"start":{"line":342,"column":18},"end":{"line":342,"column":null}},"91":{"start":{"line":343,"column":23},"end":{"line":343,"column":null}},"92":{"start":{"line":344,"column":23},"end":{"line":344,"column":null}},"93":{"start":{"line":346,"column":22},"end":{"line":346,"column":58}},"94":{"start":{"line":349,"column":2},"end":{"line":356,"column":null}},"95":{"start":{"line":350,"column":4},"end":{"line":356,"column":null}},"96":{"start":{"line":359,"column":23},"end":{"line":359,"column":64}},"97":{"start":{"line":361,"column":2},"end":{"line":379,"column":null}}},"fnMap":{"0":{"name":"deflectionSimpleUDL","decl":{"start":{"line":22,"column":9},"end":{"line":22,"column":29}},"loc":{"start":{"line":22,"column":78},"end":{"line":25,"column":null}},"line":22},"1":{"name":"selectBoxBeam","decl":{"start":{"line":32,"column":9},"end":{"line":32,"column":null}},"loc":{"start":{"line":38,"column":19},"end":{"line":103,"column":null}},"line":38},"2":{"name":"selectLedger","decl":{"start":{"line":109,"column":9},"end":{"line":109,"column":null}},"loc":{"start":{"line":115,"column":19},"end":{"line":180,"column":null}},"line":115},"3":{"name":"selectHbeam","decl":{"start":{"line":187,"column":9},"end":{"line":187,"column":null}},"loc":{"start":{"line":191,"column":19},"end":{"line":255,"column":null}},"line":191},"4":{"name":"designBumpout","decl":{"start":{"line":258,"column":16},"end":{"line":258,"column":30}},"loc":{"start":{"line":258,"column":74},"end":{"line":379,"column":null}},"line":258}},"branchMap":{"0":{"loc":{"start":{"line":70,"column":2},"end":{"line":70,"column":null}},"type":"if","locations":[{"start":{"line":70,"column":2},"end":{"line":70,"column":null}},{"start":{},"end":{}}],"line":70},"1":{"loc":{"start":{"line":70,"column":6},"end":{"line":70,"column":49}},"type":"binary-expr","locations":[{"start":{"line":70,"column":6},"end":{"line":70,"column":21}},{"start":{"line":70,"column":21},"end":{"line":70,"column":36}},{"start":{"line":70,"column":36},"end":{"line":70,"column":49}}],"line":70},"2":{"loc":{"start":{"line":101,"column":2},"end":{"line":101,"column":null}},"type":"if","locations":[{"start":{"line":101,"column":2},"end":{"line":101,"column":null}},{"start":{},"end":{}}],"line":101},"3":{"loc":{"start":{"line":101,"column":6},"end":{"line":101,"column":49}},"type":"binary-expr","locations":[{"start":{"line":101,"column":6},"end":{"line":101,"column":21}},{"start":{"line":101,"column":21},"end":{"line":101,"column":36}},{"start":{"line":101,"column":36},"end":{"line":101,"column":49}}],"line":101},"4":{"loc":{"start":{"line":147,"column":2},"end":{"line":147,"column":null}},"type":"if","locations":[{"start":{"line":147,"column":2},"end":{"line":147,"column":null}},{"start":{},"end":{}}],"line":147},"5":{"loc":{"start":{"line":147,"column":6},"end":{"line":147,"column":34}},"type":"binary-expr","locations":[{"start":{"line":147,"column":6},"end":{"line":147,"column":16}},{"start":{"line":147,"column":16},"end":{"line":147,"column":26}},{"start":{"line":147,"column":26},"end":{"line":147,"column":34}}],"line":147},"6":{"loc":{"start":{"line":178,"column":2},"end":{"line":178,"column":null}},"type":"if","locations":[{"start":{"line":178,"column":2},"end":{"line":178,"column":null}},{"start":{},"end":{}}],"line":178},"7":{"loc":{"start":{"line":178,"column":6},"end":{"line":178,"column":34}},"type":"binary-expr","locations":[{"start":{"line":178,"column":6},"end":{"line":178,"column":16}},{"start":{"line":178,"column":16},"end":{"line":178,"column":26}},{"start":{"line":178,"column":26},"end":{"line":178,"column":34}}],"line":178},"8":{"loc":{"start":{"line":211,"column":2},"end":{"line":211,"column":null}},"type":"if","locations":[{"start":{"line":211,"column":2},"end":{"line":211,"column":null}},{"start":{},"end":{}}],"line":211},"9":{"loc":{"start":{"line":211,"column":6},"end":{"line":211,"column":26}},"type":"binary-expr","locations":[{"start":{"line":211,"column":6},"end":{"line":211,"column":17}},{"start":{"line":211,"column":17},"end":{"line":211,"column":26}}],"line":211},"10":{"loc":{"start":{"line":232,"column":2},"end":{"line":232,"column":null}},"type":"if","locations":[{"start":{"line":232,"column":2},"end":{"line":232,"column":null}},{"start":{},"end":{}}],"line":232},"11":{"loc":{"start":{"line":232,"column":6},"end":{"line":232,"column":24}},"type":"binary-expr","locations":[{"start":{"line":232,"column":6},"end":{"line":232,"column":16}},{"start":{"line":232,"column":16},"end":{"line":232,"column":24}}],"line":232},"12":{"loc":{"start":{"line":253,"column":2},"end":{"line":253,"column":null}},"type":"if","locations":[{"start":{"line":253,"column":2},"end":{"line":253,"column":null}},{"start":{},"end":{}}],"line":253},"13":{"loc":{"start":{"line":253,"column":6},"end":{"line":253,"column":24}},"type":"binary-expr","locations":[{"start":{"line":253,"column":6},"end":{"line":253,"column":16}},{"start":{"line":253,"column":16},"end":{"line":253,"column":24}}],"line":253},"14":{"loc":{"start":{"line":264,"column":2},"end":{"line":283,"column":null}},"type":"if","locations":[{"start":{"line":264,"column":2},"end":{"line":283,"column":null}},{"start":{},"end":{}}],"line":264},"15":{"loc":{"start":{"line":349,"column":2},"end":{"line":356,"column":null}},"type":"if","locations":[{"start":{"line":349,"column":2},"end":{"line":356,"column":null}},{"start":{},"end":{}}],"line":349}},"s":{"0":76,"1":76,"2":76,"3":31,"4":31,"5":31,"6":31,"7":31,"8":31,"9":31,"10":31,"11":31,"12":31,"13":24,"14":7,"15":7,"16":7,"17":7,"18":7,"19":7,"20":7,"21":7,"22":7,"23":0,"24":7,"25":31,"26":31,"27":31,"28":31,"29":31,"30":31,"31":31,"32":31,"33":31,"34":31,"35":24,"36":7,"37":7,"38":7,"39":7,"40":7,"41":7,"42":7,"43":7,"44":7,"45":2,"46":5,"47":31,"48":31,"49":31,"50":31,"51":31,"52":7,"53":24,"54":24,"55":24,"56":24,"57":24,"58":17,"59":7,"60":7,"61":7,"62":7,"63":7,"64":0,"65":7,"66":33,"67":33,"68":33,"69":2,"70":31,"71":31,"72":31,"73":31,"74":31,"75":31,"76":31,"77":31,"78":31,"79":31,"80":31,"81":31,"82":31,"83":31,"84":31,"85":31,"86":31,"87":31,"88":31,"89":31,"90":31,"91":31,"92":31,"93":31,"94":31,"95":3,"96":31,"97":31},"f":{"0":76,"1":31,"2":31,"3":31,"4":33},"b":{"0":[24,7],"1":[31,24,24],"2":[0,7],"3":[7,0,0],"4":[24,7],"5":[31,24,24],"6":[2,5],"7":[7,2,2],"8":[7,24],"9":[31,7],"10":[17,7],"11":[24,17],"12":[0,7],"13":[7,0],"14":[2,31],"15":[3,28]},"meta":{"lastBranch":16,"lastFunction":5,"lastStatement":98,"seen":{"f:22:9:22:29":0,"s:23:12:23:Infinity":0,"s:24:12:24:Infinity":1,"s:25:2:25:Infinity":2,"f:32:9:32:Infinity":1,"s:39:21:39:Infinity":3,"s:42:19:42:Infinity":4,"s:43:21:43:66":5,"s:44:22:44:Infinity":6,"s:45:22:45:Infinity":7,"s:46:22:46:Infinity":8,"s:48:2:54:Infinity":9,"s:55:2:61:Infinity":10,"s:62:2:68:Infinity":11,"b:70:2:70:Infinity:undefined:undefined:undefined:undefined":0,"s:70:2:70:Infinity":12,"b:70:6:70:21:70:21:70:36:70:36:70:49":1,"s:70:49:70:Infinity":13,"s:73:19:73:Infinity":14,"s:74:21:74:66":15,"s:75:22:75:Infinity":16,"s:76:22:76:Infinity":17,"s:77:22:77:Infinity":18,"s:79:2:85:Infinity":19,"s:86:2:92:Infinity":20,"s:93:2:99:Infinity":21,"b:101:2:101:Infinity:undefined:undefined:undefined:undefined":2,"s:101:2:101:Infinity":22,"b:101:6:101:21:101:21:101:36:101:36:101:49":3,"s:101:49:101:Infinity":23,"s:103:2:103:Infinity":24,"f:109:9:109:Infinity":2,"s:116:21:116:Infinity":25,"s:119:19:119:Infinity":26,"s:120:21:120:66":27,"s:121:17:121:Infinity":28,"s:122:17:122:Infinity":29,"s:123:17:123:Infinity":30,"s:125:2:131:Infinity":31,"s:132:2:138:Infinity":32,"s:139:2:145:Infinity":33,"b:147:2:147:Infinity:undefined:undefined:undefined:undefined":4,"s:147:2:147:Infinity":34,"b:147:6:147:16:147:16:147:26:147:26:147:34":5,"s:147:34:147:Infinity":35,"s:150:19:150:Infinity":36,"s:151:21:151:66":37,"s:152:17:152:Infinity":38,"s:153:17:153:Infinity":39,"s:154:17:154:Infinity":40,"s:156:2:162:Infinity":41,"s:163:2:169:Infinity":42,"s:170:2:176:Infinity":43,"b:178:2:178:Infinity:undefined:undefined:undefined:undefined":6,"s:178:2:178:Infinity":44,"b:178:6:178:16:178:16:178:26:178:26:178:34":7,"s:178:34:178:Infinity":45,"s:180:2:180:Infinity":46,"f:187:9:187:Infinity":3,"s:193:18:193:Infinity":47,"s:194:18:194:Infinity":48,"s:196:2:202:Infinity":49,"s:203:2:209:Infinity":50,"b:211:2:211:Infinity:undefined:undefined:undefined:undefined":8,"s:211:2:211:Infinity":51,"b:211:6:211:17:211:17:211:26":9,"s:211:26:211:Infinity":52,"s:214:17:214:Infinity":53,"s:215:17:215:Infinity":54,"s:217:2:223:Infinity":55,"s:224:2:230:Infinity":56,"b:232:2:232:Infinity:undefined:undefined:undefined:undefined":10,"s:232:2:232:Infinity":57,"b:232:6:232:16:232:16:232:24":11,"s:232:24:232:Infinity":58,"s:235:17:235:Infinity":59,"s:236:17:236:Infinity":60,"s:238:2:244:Infinity":61,"s:245:2:251:Infinity":62,"b:253:2:253:Infinity:undefined:undefined:undefined:undefined":12,"s:253:2:253:Infinity":63,"b:253:6:253:16:253:16:253:24":13,"s:253:24:253:Infinity":64,"s:255:2:255:Infinity":65,"f:258:16:258:30":4,"s:259:65:259:Infinity":66,"s:261:18:261:53":67,"b:264:2:283:Infinity:undefined:undefined:undefined:undefined":14,"s:264:2:283:Infinity":68,"s:265:4:283:Infinity":69,"s:286:32:286:34":70,"s:289:12:289:Infinity":71,"s:296:27:296:Infinity":72,"s:297:21:297:Infinity":73,"s:299:17:299:Infinity":74,"s:300:17:300:Infinity":75,"s:302:29:302:82":76,"s:308:25:308:Infinity":77,"s:309:19:309:Infinity":78,"s:311:20:311:Infinity":79,"s:312:20:312:Infinity":80,"s:313:18:313:Infinity":81,"s:315:24:315:80":82,"s:323:17:323:Infinity":83,"s:326:18:326:Infinity":84,"s:327:18:327:Infinity":85,"s:328:16:328:Infinity":86,"s:337:20:337:Infinity":87,"s:338:20:338:Infinity":88,"s:339:18:339:Infinity":89,"s:342:18:342:Infinity":90,"s:343:23:343:Infinity":91,"s:344:23:344:Infinity":92,"s:346:22:346:58":93,"b:349:2:356:Infinity:undefined:undefined:undefined:undefined":15,"s:349:2:356:Infinity":94,"s:350:4:356:Infinity":95,"s:359:23:359:64":96,"s:361:2:379:Infinity":97}}},"C:\\Users\\jborr\\OneDrive\\Desktop\\My stuff\\Career\\RunToSolve\\newcastle-hbeam-designer\\src\\lib\\validation.ts":{"path":"C:\\Users\\jborr\\OneDrive\\Desktop\\My stuff\\Career\\RunToSolve\\newcastle-hbeam-designer\\src\\lib\\validation.ts","statementMap":{"0":{"start":{"line":9,"column":27},"end":{"line":9,"column":29}},"1":{"start":{"line":10,"column":29},"end":{"line":10,"column":31}},"2":{"start":{"line":12,"column":65},"end":{"line":12,"column":null}},"3":{"start":{"line":15,"column":2},"end":{"line":16,"column":null}},"4":{"start":{"line":16,"column":4},"end":{"line":16,"column":null}},"5":{"start":{"line":18,"column":2},"end":{"line":19,"column":null}},"6":{"start":{"line":19,"column":4},"end":{"line":19,"column":null}},"7":{"start":{"line":21,"column":2},"end":{"line":22,"column":null}},"8":{"start":{"line":22,"column":4},"end":{"line":22,"column":null}},"9":{"start":{"line":24,"column":2},"end":{"line":25,"column":null}},"10":{"start":{"line":25,"column":4},"end":{"line":25,"column":null}},"11":{"start":{"line":27,"column":2},"end":{"line":28,"column":null}},"12":{"start":{"line":28,"column":4},"end":{"line":28,"column":null}},"13":{"start":{"line":30,"column":2},"end":{"line":31,"column":null}},"14":{"start":{"line":31,"column":4},"end":{"line":31,"column":null}},"15":{"start":{"line":35,"column":12},"end":{"line":35,"column":null}},"16":{"start":{"line":36,"column":2},"end":{"line":40,"column":null}},"17":{"start":{"line":37,"column":4},"end":{"line":40,"column":null}},"18":{"start":{"line":44,"column":2},"end":{"line":45,"column":null}},"19":{"start":{"line":45,"column":4},"end":{"line":45,"column":null}},"20":{"start":{"line":47,"column":2},"end":{"line":48,"column":null}},"21":{"start":{"line":48,"column":4},"end":{"line":48,"column":null}},"22":{"start":{"line":51,"column":2},"end":{"line":51,"column":null}}},"fnMap":{"0":{"name":"validateInputs","decl":{"start":{"line":8,"column":16},"end":{"line":8,"column":31}},"loc":{"start":{"line":8,"column":72},"end":{"line":51,"column":null}},"line":8}},"branchMap":{"0":{"loc":{"start":{"line":15,"column":2},"end":{"line":16,"column":null}},"type":"if","locations":[{"start":{"line":15,"column":2},"end":{"line":16,"column":null}},{"start":{},"end":{}}],"line":15},"1":{"loc":{"start":{"line":18,"column":2},"end":{"line":19,"column":null}},"type":"if","locations":[{"start":{"line":18,"column":2},"end":{"line":19,"column":null}},{"start":{},"end":{}}],"line":18},"2":{"loc":{"start":{"line":21,"column":2},"end":{"line":22,"column":null}},"type":"if","locations":[{"start":{"line":21,"column":2},"end":{"line":22,"column":null}},{"start":{},"end":{}}],"line":21},"3":{"loc":{"start":{"line":24,"column":2},"end":{"line":25,"column":null}},"type":"if","locations":[{"start":{"line":24,"column":2},"end":{"line":25,"column":null}},{"start":{},"end":{}}],"line":24},"4":{"loc":{"start":{"line":27,"column":2},"end":{"line":28,"column":null}},"type":"if","locations":[{"start":{"line":27,"column":2},"end":{"line":28,"column":null}},{"start":{},"end":{}}],"line":27},"5":{"loc":{"start":{"line":30,"column":2},"end":{"line":31,"column":null}},"type":"if","locations":[{"start":{"line":30,"column":2},"end":{"line":31,"column":null}},{"start":{},"end":{}}],"line":30},"6":{"loc":{"start":{"line":36,"column":2},"end":{"line":40,"column":null}},"type":"if","locations":[{"start":{"line":36,"column":2},"end":{"line":40,"column":null}},{"start":{},"end":{}}],"line":36},"7":{"loc":{"start":{"line":44,"column":2},"end":{"line":45,"column":null}},"type":"if","locations":[{"start":{"line":44,"column":2},"end":{"line":45,"column":null}},{"start":{},"end":{}}],"line":44},"8":{"loc":{"start":{"line":47,"column":2},"end":{"line":48,"column":null}},"type":"if","locations":[{"start":{"line":47,"column":2},"end":{"line":48,"column":null}},{"start":{},"end":{}}],"line":47}},"s":{"0":52,"1":52,"2":52,"3":52,"4":2,"5":52,"6":5,"7":52,"8":2,"9":52,"10":2,"11":52,"12":2,"13":52,"14":3,"15":52,"16":52,"17":3,"18":52,"19":3,"20":52,"21":43,"22":52},"f":{"0":52},"b":{"0":[2,50],"1":[5,47],"2":[2,50],"3":[2,50],"4":[2,50],"5":[3,49],"6":[3,49],"7":[3,49],"8":[43,9]},"meta":{"lastBranch":9,"lastFunction":1,"lastStatement":23,"seen":{"f:8:16:8:31":0,"s:9:27:9:29":0,"s:10:29:10:31":1,"s:12:65:12:Infinity":2,"b:15:2:16:Infinity:undefined:undefined:undefined:undefined":0,"s:15:2:16:Infinity":3,"s:16:4:16:Infinity":4,"b:18:2:19:Infinity:undefined:undefined:undefined:undefined":1,"s:18:2:19:Infinity":5,"s:19:4:19:Infinity":6,"b:21:2:22:Infinity:undefined:undefined:undefined:undefined":2,"s:21:2:22:Infinity":7,"s:22:4:22:Infinity":8,"b:24:2:25:Infinity:undefined:undefined:undefined:undefined":3,"s:24:2:25:Infinity":9,"s:25:4:25:Infinity":10,"b:27:2:28:Infinity:undefined:undefined:undefined:undefined":4,"s:27:2:28:Infinity":11,"s:28:4:28:Infinity":12,"b:30:2:31:Infinity:undefined:undefined:undefined:undefined":5,"s:30:2:31:Infinity":13,"s:31:4:31:Infinity":14,"s:35:12:35:Infinity":15,"b:36:2:40:Infinity:undefined:undefined:undefined:undefined":6,"s:36:2:40:Infinity":16,"s:37:4:40:Infinity":17,"b:44:2:45:Infinity:undefined:undefined:undefined:undefined":7,"s:44:2:45:Infinity":18,"s:45:4:45:Infinity":19,"b:47:2:48:Infinity:undefined:undefined:undefined:undefined":8,"s:47:2:48:Infinity":20,"s:48:4:48:Infinity":21,"s:51:2:51:Infinity":22}}}}}